<?xml version="1.0" encoding="UTF-8"?>
<!-- Generated by org.testng.reporters.JUnitReportReporter -->
<testsuite skipped="0" hostname="AUS1LAPSRAJBHAN" name="com.masteringselenium.demo.mastering_selenium_testng.BasicTest" tests="2" failures="0" timestamp="21 Aug 2018 16:32:18 GMT" time="13.460" errors="0">
  <testcase name="googleMilkExample" time="5.983" classname="com.masteringselenium.demo.mastering_selenium_testng.BasicTest"/>
  <testcase name="googleCheeseExample" time="7.477" classname="com.masteringselenium.demo.mastering_selenium_testng.BasicTest"/>
</testsuite> <!-- com.masteringselenium.demo.mastering_selenium_testng.BasicTest -->
